<?xml version="1.0" encoding="UTF-8"?>
<!-- Generated by org.testng.reporters.JUnitReportReporter -->
<testsuite hostname="LAPTOP-8KRTOEFT" failures="0" tests="1" name="TestCases.MailTests" time="84.086" errors="0" timestamp="2021-10-15T12:42:54 IST" skipped="0">
  <testcase classname="TestCases.MailTests" name="MailTest" time="84.086"/>
  <system-out/>
</testsuite> <!-- TestCases.MailTests -->
