<?xml version="1.0" encoding="UTF-8"?>
<!-- Generated by org.testng.reporters.JUnitReportReporter -->
<testsuite hostname="LAPTOP-8KRTOEFT" failures="0" tests="1" name="TestCases.MyStockTest" time="1159.985" errors="0" timestamp="2021-10-14T17:25:55 IST" skipped="0">
  <testcase classname="TestCases.MyStockTest" name="AddStockTest" time="1159.985"/>
  <system-out/>
</testsuite> <!-- TestCases.MyStockTest -->
